\BOOKMARK [0][-]{chapter*.1}{Bevezet\351s}{}
\BOOKMARK [0][-]{chapter*.1}{Motiv\341ci\363}{}
\BOOKMARK [1][-]{section*.2}{Wikipedia}{chapter*.1}
\BOOKMARK [1][-]{section*.2}{Dokumentumok strukt\372r\341ja}{chapter*.1}
\BOOKMARK [2][-]{section*.3}{Taxonomy}{section*.2}
\BOOKMARK [2][-]{section*.3}{Folksonomy}{section*.2}
\BOOKMARK [1][-]{section*.3}{T\351rk\351p \351s adat k\366zti kapcsolat}{chapter*.1}
\BOOKMARK [2][-]{section*.4}{Megval\363s\355t\341s}{section*.3}
\BOOKMARK [0][-]{section*.4}{T\351rk\351pszerkeszt\351s, t\351rk\351ptervez\351s}{}
\BOOKMARK [1][-]{section*.5}{Generaliz\341l\341s}{section*.4}
\BOOKMARK [2][-]{section*.5}{Alapfogalmak}{section*.4}
\BOOKMARK [2][-]{section*.5}{Szempontok}{section*.4}
\BOOKMARK [2][-]{section*.5}{Id\351zetek}{section*.4}
\BOOKMARK [2][-]{section*.5}{Kifejezok\351pess\351g}{section*.4}
\BOOKMARK [2][-]{section*.5}{H\351t alapszab\341ly}{section*.4}
\BOOKMARK [1][-]{section*.5}{T\366pfer-f\351le gy\366kszab\341ly}{section*.4}
\BOOKMARK [1][-]{section*.5}{Jelkulcs \351s jelmagyar\341zat}{section*.4}
\BOOKMARK [2][-]{section*.6}{T\341rgyi t\366rv\351nyszerus\351gek}{section*.5}
\BOOKMARK [2][-]{section*.6}{Rajzi t\366rv\351nyszerus\351g}{section*.5}
\BOOKMARK [0][-]{section*.6}{Szak t\351rk\351pek \341br\341zol\341si m\363dszerei}{}
\BOOKMARK [1][-]{section*.7}{Szakt\351rk\351pek}{section*.6}
\BOOKMARK [2][-]{section*.7}{Analitikus szakt\351rk\351pek}{section*.6}
\BOOKMARK [2][-]{section*.7}{Komplex szakt\351rk\351pek}{section*.6}
\BOOKMARK [2][-]{section*.7}{Szintetikus szakt\351rk\351pek}{section*.6}
\BOOKMARK [2][-]{section*.7}{Szinoptikus szakt\351rk\351pek}{section*.6}
\BOOKMARK [1][-]{section*.7}{T\351rk\351pt\355pusok}{section*.6}
\BOOKMARK [2][-]{section*.8}{Statikus t\351rk\351pek}{section*.7}
\BOOKMARK [2][-]{section*.8}{Dinamikus t\351rk\351pek}{section*.7}
\BOOKMARK [2][-]{section*.8}{Genetikus t\351rk\351pek}{section*.7}
\BOOKMARK [1][-]{section*.8}{\301ttekint\351s}{section*.6}
\BOOKMARK [0][-]{section*.8}{Fejleszoi Dokument\341ci\363}{}
\BOOKMARK [1][-]{section*.9}{Technol\363gia \301ttekint\351s}{section*.8}
\BOOKMARK [1][-]{section*.9}{Keretrendszerek}{section*.8}
\BOOKMARK [2][-]{section*.10}{Akelos}{section*.9}
\BOOKMARK [2][-]{section*.10}{JEE}{section*.9}
\BOOKMARK [2][-]{section*.10}{Flash CS4}{section*.9}
\BOOKMARK [2][-]{section*.10}{Ruby On Rails}{section*.9}
\BOOKMARK [1][-]{section*.10}{Adatb\341zis motor}{section*.8}
\BOOKMARK [2][-]{section*.11}{MySQL}{section*.10}
\BOOKMARK [2][-]{section*.11}{Spatialite}{section*.10}
\BOOKMARK [2][-]{section*.11}{PostgreSQL - Postgis}{section*.10}
\BOOKMARK [1][-]{section*.11}{Google Maps}{section*.8}
\BOOKMARK [1][-]{section*.11}{Verzi\363 k\366vet\351s}{section*.8}
